Using pre-set license
Built from '2020.3/staging' branch; Version is '2020.3.32f1 (12f8b0834f07) revision 1243312'; Using compiler version '192528614'; Build Type 'Release'
OS: 'Windows 10  (10.0.19045) 64bit Core' Language: 'pt' Physical Memory: 16319 MB
BatchMode: 1, IsHumanControllingUs: 0, StartBugReporterOnCrash: 0, Is64bit: 1, IsPro: 0

COMMAND LINE ARGUMENTS:
C:\Program Files\Unity 2020.3.32f1\Editor\Unity.exe
-adb2
-batchMode
-noUpm
-name
AssetImportWorker0
-projectPath
D:/Lucas/Unity [projetos]/don't get duplicated/Don-t-Get-Duplicated/Blackthorn
-logFile
Logs/AssetImportWorker0.log
-srvPort
49995
Successfully changed project path to: D:/Lucas/Unity [projetos]/don't get duplicated/Don-t-Get-Duplicated/Blackthorn
D:/Lucas/Unity [projetos]/don't get duplicated/Don-t-Get-Duplicated/Blackthorn
Using Asset Import Pipeline V2.
Refreshing native plugins compatible for Editor in 65.91 ms, found 3 plugins.
Preloading 0 native plugins for Editor in 0.00 ms.
Initialize engine version: 2020.3.32f1 (12f8b0834f07)
[Subsystems] Discovering subsystems at path C:/Program Files/Unity 2020.3.32f1/Editor/Data/Resources/UnitySubsystems
[Subsystems] Discovering subsystems at path D:/Lucas/Unity [projetos]/don't get duplicated/Don-t-Get-Duplicated/Blackthorn/Assets
GfxDevice: creating device client; threaded=0
Direct3D:
    Version:  Direct3D 11.0 [level 11.1]
    Renderer: NVIDIA GeForce GTX 1660 (ID=0x2184)
    Vendor:   
    VRAM:     5991 MB
    Driver:   31.0.15.1694
Initialize mono
Mono path[0] = 'C:/Program Files/Unity 2020.3.32f1/Editor/Data/Managed'
Mono path[1] = 'C:/Program Files/Unity 2020.3.32f1/Editor/Data/MonoBleedingEdge/lib/mono/unityjit'
Mono config path = 'C:/Program Files/Unity 2020.3.32f1/Editor/Data/MonoBleedingEdge/etc'
Using monoOptions --debugger-agent=transport=dt_socket,embedding=1,server=y,suspend=n,address=127.0.0.1:56028
Begin MonoManager ReloadAssembly
Registering precompiled unity dll's ...
Register platform support module: C:/Program Files/Unity 2020.3.32f1/Editor/Data/PlaybackEngines/WindowsStandaloneSupport/UnityEditor.WindowsStandalone.Extensions.dll
Registered in 0.001717 seconds.
Native extension for WindowsStandalone target not found
Refreshing native plugins compatible for Editor in 69.19 ms, found 3 plugins.
Preloading 0 native plugins for Editor in 0.00 ms.
Mono: successfully reloaded assembly
- Completed reload, in  0.521 seconds
Domain Reload Profiling:
	ReloadAssembly (522ms)
		BeginReloadAssembly (52ms)
			ExecutionOrderSort (0ms)
			DisableScriptedObjects (0ms)
			BackupInstance (0ms)
			ReleaseScriptingObjects (0ms)
			CreateAndSetChildDomain (1ms)
		EndReloadAssembly (404ms)
			LoadAssemblies (50ms)
			RebuildTransferFunctionScriptingTraits (0ms)
			SetupTypeCache (130ms)
			ReleaseScriptCaches (0ms)
			RebuildScriptCaches (24ms)
			SetupLoadedEditorAssemblies (171ms)
				LogAssemblyErrors (0ms)
				InitializePlatformSupportModulesInManaged (4ms)
				SetLoadedEditorAssemblies (0ms)
				RefreshPlugins (69ms)
				BeforeProcessingInitializeOnLoad (12ms)
				ProcessInitializeOnLoadAttributes (66ms)
				ProcessInitializeOnLoadMethodAttributes (20ms)
				AfterProcessingInitializeOnLoad (0ms)
				EditorAssembliesLoaded (0ms)
			ExecutionOrderSort2 (0ms)
			AwakeInstancesAfterBackupRestoration (0ms)
Platform modules already initialized, skipping
Registering precompiled user dll's ...
Registered in 0.002171 seconds.
Begin MonoManager ReloadAssembly
Native extension for WindowsStandalone target not found
Refreshing native plugins compatible for Editor in 69.47 ms, found 3 plugins.
Preloading 0 native plugins for Editor in 0.00 ms.
Mono: successfully reloaded assembly
- Completed reload, in  1.036 seconds
Domain Reload Profiling:
	ReloadAssembly (1037ms)
		BeginReloadAssembly (130ms)
			ExecutionOrderSort (0ms)
			DisableScriptedObjects (4ms)
			BackupInstance (0ms)
			ReleaseScriptingObjects (0ms)
			CreateAndSetChildDomain (19ms)
		EndReloadAssembly (853ms)
			LoadAssemblies (82ms)
			RebuildTransferFunctionScriptingTraits (0ms)
			SetupTypeCache (277ms)
			ReleaseScriptCaches (1ms)
			RebuildScriptCaches (49ms)
			SetupLoadedEditorAssemblies (352ms)
				LogAssemblyErrors (0ms)
				InitializePlatformSupportModulesInManaged (3ms)
				SetLoadedEditorAssemblies (0ms)
				RefreshPlugins (70ms)
				BeforeProcessingInitializeOnLoad (98ms)
				ProcessInitializeOnLoadAttributes (163ms)
				ProcessInitializeOnLoadMethodAttributes (13ms)
				AfterProcessingInitializeOnLoad (5ms)
				EditorAssembliesLoaded (0ms)
			ExecutionOrderSort2 (0ms)
			AwakeInstancesAfterBackupRestoration (5ms)
Platform modules already initialized, skipping
========================================================================
Worker process is ready to serve import requests
Launched and connected shader compiler UnityShaderCompiler.exe after 0.03 seconds
Refreshing native plugins compatible for Editor in 0.91 ms, found 3 plugins.
Preloading 0 native plugins for Editor in 0.00 ms.
Unloading 3509 Unused Serialized files (Serialized files now loaded: 0)
System memory in use before: 157.8 MB.
System memory in use after: 158.0 MB.

Unloading 26 unused Assets to reduce memory usage. Loaded Objects now: 3944.
Total: 3.795700 ms (FindLiveObjects: 0.295000 ms CreateObjectMapping: 0.110800 ms MarkObjects: 3.295600 ms  DeleteObjects: 0.093400 ms)

AssetImportParameters requested are different than current active one (requested -> active):
  custom:framework-win-MediaFoundation: 216162199b28c13a410421893ffa2e32 -> 
  custom:video-decoder-ogg-theora: a1e56fd34408186e4bbccfd4996cb3dc -> 
  custom:container-muxer-webm: aa71ff27fc2769a1b78a27578f13a17b -> 
  custom:container-demuxer-webm: 4f35f7cbe854078d1ac9338744f61a02 -> 
  custom:container-demuxer-ogg: 62fdf1f143b41e24485cea50d1cbac27 -> 
  custom:video-encoder-webm-vp8: eb34c28f22e8b96e1ab97ce403110664 -> 
  custom:video-decoder-webm-vp8: 9c59270c3fd7afecdb556c50c9e8de78 -> 
  custom:audio-decoder-ogg-vorbis: bf7c407c2cedff20999df2af8eb42d56 -> 
  custom:audio-encoder-webm-vorbis: bf7c407c2cedff20999df2af8eb42d56 -> 
========================================================================
Received Import Request.
  path: Assets/2D Renderer.asset
  artifactKey: Guid(34ac4adbec6292a429eca6e2d6ae8a08) Importer(815301076,1909f56bfc062723c751e8b465ee728b)
Start importing Assets/2D Renderer.asset using Guid(34ac4adbec6292a429eca6e2d6ae8a08) Importer(815301076,1909f56bfc062723c751e8b465ee728b)  -> (artifact id: '5c9518543b208ca50f4abd1e214fe3b0') in 0.033976 seconds 
========================================================================
Received Import Request.
  Time since last request: 0.000163 seconds.
  path: Assets/Chao.physicsMaterial2D
  artifactKey: Guid(43dd9883106416d4ba2a60e07da1a642) Importer(815301076,1909f56bfc062723c751e8b465ee728b)
Start importing Assets/Chao.physicsMaterial2D using Guid(43dd9883106416d4ba2a60e07da1a642) Importer(815301076,1909f56bfc062723c751e8b465ee728b)  -> (artifact id: '653be00bc53aaf5d14fb212595b5bf33') in 0.007222 seconds 
========================================================================
Received Import Request.
  Time since last request: 0.000234 seconds.
  path: Assets/RP Renderer.asset
  artifactKey: Guid(225e96e17cc49454fa04f053854ed89c) Importer(815301076,1909f56bfc062723c751e8b465ee728b)
Start importing Assets/RP Renderer.asset using Guid(225e96e17cc49454fa04f053854ed89c) Importer(815301076,1909f56bfc062723c751e8b465ee728b)  -> (artifact id: '64264f8d363dc5ad023784960c1da900') in 0.009176 seconds 
========================================================================
Received Import Request.
  Time since last request: 0.000233 seconds.
  path: Assets/Normal Floor.physicsMaterial2D
  artifactKey: Guid(5208b1dcda7473243957865beaf43556) Importer(815301076,1909f56bfc062723c751e8b465ee728b)
Start importing Assets/Normal Floor.physicsMaterial2D using Guid(5208b1dcda7473243957865beaf43556) Importer(815301076,1909f56bfc062723c751e8b465ee728b)  -> (artifact id: 'e2a794cb8730925b81863089d997710f') in 0.007312 seconds 
========================================================================
Received Import Request.
  Time since last request: 0.000211 seconds.
  path: Assets/Cogumelo.physicsMaterial2D
  artifactKey: Guid(ae56c861295227b408602ef7ef98ef19) Importer(815301076,1909f56bfc062723c751e8b465ee728b)
Start importing Assets/Cogumelo.physicsMaterial2D using Guid(ae56c861295227b408602ef7ef98ef19) Importer(815301076,1909f56bfc062723c751e8b465ee728b)  -> (artifact id: '9d58ff5cd800336e74ef7695fe6992cb') in 0.006433 seconds 
========================================================================
Received Import Request.
  Time since last request: 0.000182 seconds.
  path: Assets/Gum Gun Right.prefab
  artifactKey: Guid(c749f3d49dbaa1540bc1c16556a6cac1) Importer(815301076,1909f56bfc062723c751e8b465ee728b)
Start importing Assets/Gum Gun Right.prefab using Guid(c749f3d49dbaa1540bc1c16556a6cac1) Importer(815301076,1909f56bfc062723c751e8b465ee728b)  -> (artifact id: '4ce8fb94ee98fa3bd1440e08ae2c5e81') in 0.165881 seconds 
========================================================================
Received Import Request.
  Time since last request: 0.000131 seconds.
  path: Assets/Player.physicsMaterial2D
  artifactKey: Guid(6ad87bd7dde78284488e787f4321084c) Importer(815301076,1909f56bfc062723c751e8b465ee728b)
Start importing Assets/Player.physicsMaterial2D using Guid(6ad87bd7dde78284488e787f4321084c) Importer(815301076,1909f56bfc062723c751e8b465ee728b)  -> (artifact id: '44b955db62e1bb7f124eff50e9136f01') in 0.005169 seconds 
========================================================================
Received Import Request.
  Time since last request: 0.000186 seconds.
  path: Assets/RP.asset
  artifactKey: Guid(d15f01c7839054a41af84fbdfaf5c431) Importer(815301076,1909f56bfc062723c751e8b465ee728b)
Start importing Assets/RP.asset using Guid(d15f01c7839054a41af84fbdfaf5c431) Importer(815301076,1909f56bfc062723c751e8b465ee728b)  -> (artifact id: 'f5223193a5efa366e91ccd1f29364b41') in 0.005915 seconds 
========================================================================
Received Import Request.
  Time since last request: 0.000146 seconds.
  path: Assets/Gum Gun Left.prefab
  artifactKey: Guid(ef66301c42eaa8744adb58e69638cd33) Importer(815301076,1909f56bfc062723c751e8b465ee728b)
Start importing Assets/Gum Gun Left.prefab using Guid(ef66301c42eaa8744adb58e69638cd33) Importer(815301076,1909f56bfc062723c751e8b465ee728b)  -> (artifact id: '70cda17bd5a8d2efcc58d499caf8a28c') in 0.014684 seconds 
========================================================================
Received Import Request.
  Time since last request: 43.309820 seconds.
  path: Assets/Scenes
  artifactKey: Guid(d13fbf8aa98b268408992ef0a70d6b1d) Importer(815301076,1909f56bfc062723c751e8b465ee728b)
Start importing Assets/Scenes using Guid(d13fbf8aa98b268408992ef0a70d6b1d) Importer(815301076,1909f56bfc062723c751e8b465ee728b)  -> (artifact id: 'bbeb7ce9901a93524c702282d3200690') in 0.005600 seconds 
========================================================================
Received Import Request.
  Time since last request: 7.371371 seconds.
  path: Assets/Scenes/Menu.unity
  artifactKey: Guid(7ed740e2fb5a40746a806f3bbebe9b42) Importer(815301076,1909f56bfc062723c751e8b465ee728b)
Start importing Assets/Scenes/Menu.unity using Guid(7ed740e2fb5a40746a806f3bbebe9b42) Importer(815301076,1909f56bfc062723c751e8b465ee728b)  -> (artifact id: 'd5c5121ddb62959e2a50e04d908d7d95') in 0.006036 seconds 
========================================================================
Received Prepare
Registering precompiled user dll's ...
Registered in 0.003388 seconds.
Begin MonoManager ReloadAssembly
Native extension for WindowsStandalone target not found
Refreshing native plugins compatible for Editor in 1.12 ms, found 3 plugins.
Preloading 0 native plugins for Editor in 0.00 ms.
Mono: successfully reloaded assembly
- Completed reload, in  1.137 seconds
Domain Reload Profiling:
	ReloadAssembly (1138ms)
		BeginReloadAssembly (142ms)
			ExecutionOrderSort (0ms)
			DisableScriptedObjects (8ms)
			BackupInstance (0ms)
			ReleaseScriptingObjects (0ms)
			CreateAndSetChildDomain (46ms)
		EndReloadAssembly (936ms)
			LoadAssemblies (92ms)
			RebuildTransferFunctionScriptingTraits (0ms)
			SetupTypeCache (320ms)
			ReleaseScriptCaches (2ms)
			RebuildScriptCaches (51ms)
			SetupLoadedEditorAssemblies (321ms)
				LogAssemblyErrors (0ms)
				InitializePlatformSupportModulesInManaged (4ms)
				SetLoadedEditorAssemblies (0ms)
				RefreshPlugins (1ms)
				BeforeProcessingInitializeOnLoad (105ms)
				ProcessInitializeOnLoadAttributes (193ms)
				ProcessInitializeOnLoadMethodAttributes (11ms)
				AfterProcessingInitializeOnLoad (6ms)
				EditorAssembliesLoaded (0ms)
			ExecutionOrderSort2 (0ms)
			AwakeInstancesAfterBackupRestoration (17ms)
Platform modules already initialized, skipping
Refreshing native plugins compatible for Editor in 1.06 ms, found 3 plugins.
Preloading 0 native plugins for Editor in 0.00 ms.
Unloading 3358 Unused Serialized files (Serialized files now loaded: 0)
System memory in use before: 151.5 MB.
System memory in use after: 151.8 MB.

Unloading 15 unused Assets to reduce memory usage. Loaded Objects now: 3993.
Total: 5.358800 ms (FindLiveObjects: 0.509800 ms CreateObjectMapping: 0.294200 ms MarkObjects: 4.527900 ms  DeleteObjects: 0.025600 ms)

AssetImportParameters requested are different than current active one (requested -> active):
  custom:framework-win-MediaFoundation: 216162199b28c13a410421893ffa2e32 -> 
  custom:video-decoder-ogg-theora: a1e56fd34408186e4bbccfd4996cb3dc -> 
  custom:container-muxer-webm: aa71ff27fc2769a1b78a27578f13a17b -> 
  custom:container-demuxer-webm: 4f35f7cbe854078d1ac9338744f61a02 -> 
  custom:container-demuxer-ogg: 62fdf1f143b41e24485cea50d1cbac27 -> 
  custom:video-encoder-webm-vp8: eb34c28f22e8b96e1ab97ce403110664 -> 
  custom:video-decoder-webm-vp8: 9c59270c3fd7afecdb556c50c9e8de78 -> 
  custom:audio-decoder-ogg-vorbis: bf7c407c2cedff20999df2af8eb42d56 -> 
  custom:audio-encoder-webm-vorbis: bf7c407c2cedff20999df2af8eb42d56 -> 
AssetImportWorkerClient::OnTransportError - code=2 error=End of file
